<?xml version="1.0" encoding="UTF-8"?>
<testng-results ignored="0" total="1" passed="1" failed="0" skipped="0">
  <reporter-output>
  </reporter-output>
  <suite started-at="2022-12-26T18:53:13 IST" name="Default suite" finished-at="2022-12-26T18:53:24 IST" duration-ms="10554">
    <groups>
    </groups>
    <test started-at="2022-12-26T18:53:13 IST" name="Default test" finished-at="2022-12-26T18:53:24 IST" duration-ms="10554">
      <class name="restAssured.Get_Retrieve">
        <test-method signature="validation()[pri:0, instance:restAssured.Get_Retrieve@27ff5d15]" started-at="2022-12-26T18:53:13 IST" name="validation" finished-at="2022-12-26T18:53:24 IST" duration-ms="10459" status="PASS">
          <reporter-output>
          </reporter-output>
        </test-method> <!-- validation -->
      </class> <!-- restAssured.Get_Retrieve -->
    </test> <!-- Default test -->
  </suite> <!-- Default suite -->
</testng-results>
